[01Feb2025 00:00:14.284] [Server thread/WARN] [net.minecraft.server.level.ServerLevel/]: Tried to add entity minecraft:creeper but it was marked as removed already
[01Feb2025 00:00:28.486] [Server thread/WARN] [net.minecraft.server.level.ServerLevel/]: Tried to add entity minecraft:creeper but it was marked as removed already
[01Feb2025 00:00:31.739] [Server thread/WARN] [net.minecraft.server.level.ServerLevel/]: Tried to add entity minecraft:creeper but it was marked as removed already
[01Feb2025 00:00:31.740] [Server thread/WARN] [net.minecraft.server.level.ServerLevel/]: Tried to add entity minecraft:creeper but it was marked as removed already
[01Feb2025 00:00:31.740] [Server thread/WARN] [net.minecraft.server.level.ServerLevel/]: Tried to add entity minecraft:creeper but it was marked as removed already
[01Feb2025 00:00:58.610] [Server thread/WARN] [net.minecraft.server.level.ServerLevel/]: Tried to add entity minecraft:creeper but it was marked as removed already
[01Feb2025 00:00:58.610] [Server thread/WARN] [net.minecraft.server.level.ServerLevel/]: Tried to add entity minecraft:creeper but it was marked as removed already
[01Feb2025 00:01:14.937] [Server thread/WARN] [net.minecraft.server.level.ServerLevel/]: Tried to add entity minecraft:creeper but it was marked as removed already
[01Feb2025 00:01:16.133] [Server thread/WARN] [net.minecraft.server.level.ServerLevel/]: Tried to add entity minecraft:creeper but it was marked as removed already
[01Feb2025 00:01:30.861] [Server thread/WARN] [net.minecraft.server.level.ServerLevel/]: Tried to add entity minecraft:creeper but it was marked as removed already
[01Feb2025 00:01:36.635] [Server thread/WARN] [net.minecraft.server.level.ServerLevel/]: Tried to add entity minecraft:creeper but it was marked as removed already
[01Feb2025 00:03:03.837] [Server thread/WARN] [net.minecraft.server.level.ServerLevel/]: Tried to add entity minecraft:creeper but it was marked as removed already
[01Feb2025 00:03:07.286] [Server thread/WARN] [net.minecraft.server.level.ServerLevel/]: Tried to add entity minecraft:creeper but it was marked as removed already
[01Feb2025 00:03:38.083] [Server thread/WARN] [net.minecraft.server.level.ServerLevel/]: Tried to add entity minecraft:creeper but it was marked as removed already
[01Feb2025 00:03:38.083] [Server thread/WARN] [net.minecraft.server.level.ServerLevel/]: Tried to add entity minecraft:creeper but it was marked as removed already
[01Feb2025 00:04:20.082] [Server thread/WARN] [net.minecraft.server.level.ServerLevel/]: Tried to add entity minecraft:creeper but it was marked as removed already
[01Feb2025 00:04:25.782] [Server thread/WARN] [net.minecraft.server.level.ServerLevel/]: Tried to add entity minecraft:creeper but it was marked as removed already
[01Feb2025 00:05:11.532] [Server thread/WARN] [net.minecraft.server.level.ServerLevel/]: Tried to add entity minecraft:creeper but it was marked as removed already
[01Feb2025 00:05:16.533] [Server thread/WARN] [net.minecraft.server.level.ServerLevel/]: Tried to add entity minecraft:creeper but it was marked as removed already
[01Feb2025 00:05:16.533] [Server thread/WARN] [net.minecraft.server.level.ServerLevel/]: Tried to add entity minecraft:creeper but it was marked as removed already
[01Feb2025 00:05:50.783] [Server thread/WARN] [net.minecraft.server.level.ServerLevel/]: Tried to add entity minecraft:creeper but it was marked as removed already
[01Feb2025 00:05:50.783] [Server thread/WARN] [net.minecraft.server.level.ServerLevel/]: Tried to add entity minecraft:creeper but it was marked as removed already
[01Feb2025 00:07:13.231] [Server thread/WARN] [net.minecraft.server.level.ServerLevel/]: Tried to add entity minecraft:creeper but it was marked as removed already
[01Feb2025 00:07:13.232] [Server thread/WARN] [net.minecraft.server.level.ServerLevel/]: Tried to add entity minecraft:creeper but it was marked as removed already
[01Feb2025 00:07:20.084] [Server thread/WARN] [net.minecraft.server.level.ServerLevel/]: Tried to add entity minecraft:creeper but it was marked as removed already
[01Feb2025 00:07:20.084] [Server thread/WARN] [net.minecraft.server.level.ServerLevel/]: Tried to add entity minecraft:creeper but it was marked as removed already
[01Feb2025 00:07:43.232] [Server thread/WARN] [net.minecraft.server.level.ServerLevel/]: Tried to add entity minecraft:creeper but it was marked as removed already
[01Feb2025 00:08:52.282] [Server thread/WARN] [net.minecraft.server.level.ServerLevel/]: Tried to add entity minecraft:creeper but it was marked as removed already
[01Feb2025 00:10:02.182] [Server thread/WARN] [net.minecraft.server.level.ServerLevel/]: Tried to add entity minecraft:creeper but it was marked as removed already
[01Feb2025 00:10:02.182] [Server thread/WARN] [net.minecraft.server.level.ServerLevel/]: Tried to add entity minecraft:creeper but it was marked as removed already
[01Feb2025 00:10:56.063] [Server thread/WARN] [net.minecraft.server.level.ServerLevel/]: Tried to add entity minecraft:creeper but it was marked as removed already
[01Feb2025 00:11:05.485] [Server thread/WARN] [net.minecraft.server.MinecraftServer/]: Can't keep up! Is the server overloaded? Running 2006ms or 40 ticks behind
[01Feb2025 00:11:21.746] [Server thread/WARN] [net.minecraft.server.level.ServerLevel/]: Tried to add entity minecraft:creeper but it was marked as removed already
[01Feb2025 00:11:23.350] [Server thread/WARN] [net.minecraft.server.MinecraftServer/]: Can't keep up! Is the server overloaded? Running 2872ms or 57 ticks behind
[01Feb2025 00:11:45.143] [Server thread/WARN] [net.minecraft.server.level.ServerLevel/]: Tried to add entity minecraft:creeper but it was marked as removed already
[01Feb2025 00:11:47.395] [Server thread/WARN] [net.minecraft.server.level.ServerLevel/]: Tried to add entity minecraft:creeper but it was marked as removed already
[01Feb2025 00:12:28.952] [Server thread/WARN] [net.minecraft.server.level.ServerLevel/]: Tried to add entity minecraft:creeper but it was marked as removed already
[01Feb2025 00:14:27.333] [Server thread/WARN] [net.minecraft.server.level.ServerLevel/]: Tried to add entity minecraft:creeper but it was marked as removed already
[01Feb2025 00:15:44.383] [Server thread/WARN] [net.minecraft.server.level.ServerLevel/]: Tried to add entity minecraft:creeper but it was marked as removed already
[01Feb2025 00:15:44.384] [Server thread/WARN] [net.minecraft.server.level.ServerLevel/]: Tried to add entity minecraft:creeper but it was marked as removed already
[01Feb2025 00:16:15.133] [Server thread/WARN] [net.minecraft.server.level.ServerLevel/]: Tried to add entity minecraft:creeper but it was marked as removed already
[01Feb2025 00:16:23.832] [Server thread/WARN] [net.minecraft.server.level.ServerLevel/]: Tried to add entity minecraft:creeper but it was marked as removed already
[01Feb2025 00:16:43.085] [Server thread/WARN] [net.minecraft.server.level.ServerLevel/]: Tried to add entity minecraft:creeper but it was marked as removed already
[01Feb2025 00:16:43.085] [Server thread/WARN] [net.minecraft.server.level.ServerLevel/]: Tried to add entity minecraft:creeper but it was marked as removed already
[01Feb2025 00:16:45.281] [Server thread/WARN] [net.minecraft.server.level.ServerLevel/]: Tried to add entity minecraft:creeper but it was marked as removed already
[01Feb2025 00:17:23.682] [Server thread/WARN] [net.minecraft.server.level.ServerLevel/]: Tried to add entity minecraft:creeper but it was marked as removed already
[01Feb2025 00:17:32.984] [Server thread/WARN] [net.minecraft.server.level.ServerLevel/]: Tried to add entity minecraft:creeper but it was marked as removed already
[01Feb2025 00:17:32.984] [Server thread/WARN] [net.minecraft.server.level.ServerLevel/]: Tried to add entity minecraft:creeper but it was marked as removed already
[01Feb2025 00:18:10.234] [Server thread/WARN] [net.minecraft.server.level.ServerLevel/]: Tried to add entity minecraft:creeper but it was marked as removed already
[01Feb2025 00:18:14.334] [Server thread/WARN] [net.minecraft.server.level.ServerLevel/]: Tried to add entity minecraft:creeper but it was marked as removed already
[01Feb2025 00:18:14.335] [Server thread/WARN] [net.minecraft.server.level.ServerLevel/]: Tried to add entity minecraft:creeper but it was marked as removed already
[01Feb2025 00:18:41.934] [Server thread/WARN] [net.minecraft.server.level.ServerLevel/]: Tried to add entity minecraft:creeper but it was marked as removed already
[01Feb2025 00:18:55.885] [Server thread/WARN] [net.minecraft.server.level.ServerLevel/]: Tried to add entity minecraft:creeper but it was marked as removed already
[01Feb2025 00:19:30.133] [Server thread/WARN] [net.minecraft.server.level.ServerLevel/]: Tried to add entity minecraft:creeper but it was marked as removed already
[01Feb2025 00:19:30.134] [Server thread/WARN] [net.minecraft.server.level.ServerLevel/]: Tried to add entity minecraft:creeper but it was marked as removed already
[01Feb2025 00:19:55.234] [Server thread/WARN] [net.minecraft.server.level.ServerLevel/]: Tried to add entity minecraft:creeper but it was marked as removed already
[01Feb2025 00:19:58.084] [Server thread/WARN] [net.minecraft.server.level.ServerLevel/]: Tried to add entity minecraft:creeper but it was marked as removed already
[01Feb2025 00:19:58.085] [Server thread/WARN] [net.minecraft.server.level.ServerLevel/]: Tried to add entity minecraft:creeper but it was marked as removed already
[01Feb2025 00:20:11.683] [Server thread/WARN] [net.minecraft.server.level.ServerLevel/]: Tried to add entity minecraft:creeper but it was marked as removed already
[01Feb2025 00:20:18.885] [Server thread/WARN] [net.minecraft.server.level.ServerLevel/]: Tried to add entity minecraft:creeper but it was marked as removed already
[01Feb2025 00:20:35.085] [Server thread/WARN] [net.minecraft.server.level.ServerLevel/]: Tried to add entity minecraft:creeper but it was marked as removed already
[01Feb2025 00:20:36.734] [Server thread/WARN] [net.minecraft.server.level.ServerLevel/]: Tried to add entity minecraft:creeper but it was marked as removed already
[01Feb2025 00:20:53.382] [Server thread/WARN] [net.minecraft.server.level.ServerLevel/]: Tried to add entity minecraft:creeper but it was marked as removed already
[01Feb2025 00:20:53.834] [Server thread/WARN] [net.minecraft.server.level.ServerLevel/]: Tried to add entity minecraft:creeper but it was marked as removed already
[01Feb2025 00:20:53.835] [Server thread/WARN] [net.minecraft.server.level.ServerLevel/]: Tried to add entity minecraft:creeper but it was marked as removed already
[01Feb2025 00:20:53.835] [Server thread/WARN] [net.minecraft.server.level.ServerLevel/]: Tried to add entity minecraft:creeper but it was marked as removed already
[01Feb2025 00:21:05.683] [Server thread/WARN] [net.minecraft.server.level.ServerLevel/]: Tried to add entity minecraft:creeper but it was marked as removed already
[01Feb2025 00:21:05.684] [Server thread/WARN] [net.minecraft.server.level.ServerLevel/]: Tried to add entity minecraft:creeper but it was marked as removed already
[01Feb2025 00:21:10.980] [Server thread/WARN] [net.minecraft.server.level.ServerLevel/]: Tried to add entity minecraft:creeper but it was marked as removed already
[01Feb2025 00:21:16.283] [Server thread/WARN] [net.minecraft.server.level.ServerLevel/]: Tried to add entity minecraft:creeper but it was marked as removed already
[01Feb2025 00:21:40.034] [Server thread/WARN] [net.minecraft.server.level.ServerLevel/]: Tried to add entity minecraft:creeper but it was marked as removed already
[01Feb2025 00:21:53.232] [Server thread/WARN] [net.minecraft.server.level.ServerLevel/]: Tried to add entity minecraft:creeper but it was marked as removed already
[01Feb2025 00:21:53.233] [Server thread/WARN] [net.minecraft.server.level.ServerLevel/]: Tried to add entity minecraft:creeper but it was marked as removed already
[01Feb2025 00:22:52.133] [Server thread/WARN] [net.minecraft.server.level.ServerLevel/]: Tried to add entity minecraft:creeper but it was marked as removed already
[01Feb2025 00:23:23.985] [Server thread/WARN] [net.minecraft.server.level.ServerLevel/]: Tried to add entity minecraft:creeper but it was marked as removed already
[01Feb2025 00:23:28.180] [Server thread/WARN] [net.minecraft.server.level.ServerLevel/]: Tried to add entity minecraft:creeper but it was marked as removed already
[01Feb2025 00:23:35.584] [Server thread/WARN] [net.minecraft.server.level.ServerLevel/]: Tried to add entity minecraft:creeper but it was marked as removed already
[01Feb2025 00:23:36.631] [Server thread/WARN] [net.minecraft.server.level.ServerLevel/]: Tried to add entity minecraft:creeper but it was marked as removed already
[01Feb2025 00:24:02.281] [Server thread/WARN] [net.minecraft.server.level.ServerLevel/]: Tried to add entity minecraft:creeper but it was marked as removed already
[01Feb2025 00:24:19.431] [Server thread/WARN] [net.minecraft.server.level.ServerLevel/]: Tried to add entity minecraft:creeper but it was marked as removed already
[01Feb2025 00:24:19.432] [Server thread/WARN] [net.minecraft.server.level.ServerLevel/]: Tried to add entity minecraft:creeper but it was marked as removed already
[01Feb2025 00:24:21.933] [Server thread/WARN] [net.minecraft.server.level.ServerLevel/]: Tried to add entity minecraft:creeper but it was marked as removed already
[01Feb2025 00:24:36.181] [Server thread/WARN] [net.minecraft.server.level.ServerLevel/]: Tried to add entity minecraft:creeper but it was marked as removed already
[01Feb2025 00:24:43.583] [Server thread/WARN] [net.minecraft.server.level.ServerLevel/]: Tried to add entity minecraft:creeper but it was marked as removed already
[01Feb2025 00:24:43.583] [Server thread/WARN] [net.minecraft.server.level.ServerLevel/]: Tried to add entity minecraft:creeper but it was marked as removed already
[01Feb2025 00:24:43.583] [Server thread/WARN] [net.minecraft.server.level.ServerLevel/]: Tried to add entity minecraft:creeper but it was marked as removed already
[01Feb2025 00:24:46.331] [Server thread/WARN] [net.minecraft.server.level.ServerLevel/]: Tried to add entity minecraft:creeper but it was marked as removed already
[01Feb2025 00:24:46.382] [Server thread/WARN] [net.minecraft.server.level.ServerLevel/]: Tried to add entity minecraft:creeper but it was marked as removed already
[01Feb2025 00:24:55.731] [Server thread/WARN] [net.minecraft.server.level.ServerLevel/]: Tried to add entity minecraft:creeper but it was marked as removed already
[01Feb2025 00:24:55.731] [Server thread/WARN] [net.minecraft.server.level.ServerLevel/]: Tried to add entity minecraft:creeper but it was marked as removed already
[01Feb2025 00:24:58.081] [Server thread/WARN] [net.minecraft.server.level.ServerLevel/]: Tried to add entity minecraft:creeper but it was marked as removed already
[01Feb2025 00:25:00.833] [Server thread/WARN] [net.minecraft.server.level.ServerLevel/]: Tried to add entity minecraft:creeper but it was marked as removed already
[01Feb2025 00:25:00.833] [Server thread/WARN] [net.minecraft.server.level.ServerLevel/]: Tried to add entity minecraft:creeper but it was marked as removed already
[01Feb2025 00:25:00.834] [Server thread/WARN] [net.minecraft.server.level.ServerLevel/]: Tried to add entity minecraft:creeper but it was marked as removed already
[01Feb2025 00:25:00.934] [Server thread/WARN] [net.minecraft.server.level.ServerLevel/]: Tried to add entity minecraft:creeper but it was marked as removed already
[01Feb2025 00:25:14.434] [Server thread/WARN] [net.minecraft.server.level.ServerLevel/]: Tried to add entity minecraft:creeper but it was marked as removed already
[01Feb2025 00:25:14.434] [Server thread/WARN] [net.minecraft.server.level.ServerLevel/]: Tried to add entity minecraft:creeper but it was marked as removed already
[01Feb2025 00:25:35.381] [Server thread/WARN] [net.minecraft.server.level.ServerLevel/]: Tried to add entity minecraft:creeper but it was marked as removed already
[01Feb2025 00:25:38.381] [Server thread/WARN] [net.minecraft.server.level.ServerLevel/]: Tried to add entity minecraft:creeper but it was marked as removed already
[01Feb2025 00:25:38.382] [Server thread/WARN] [net.minecraft.server.level.ServerLevel/]: Tried to add entity minecraft:creeper but it was marked as removed already
[01Feb2025 00:26:39.481] [Server thread/WARN] [net.minecraft.server.level.ServerLevel/]: Tried to add entity minecraft:creeper but it was marked as removed already
[01Feb2025 00:26:39.481] [Server thread/WARN] [net.minecraft.server.level.ServerLevel/]: Tried to add entity minecraft:creeper but it was marked as removed already
[01Feb2025 00:26:42.134] [Server thread/WARN] [net.minecraft.server.level.ServerLevel/]: Tried to add entity minecraft:creeper but it was marked as removed already
[01Feb2025 00:26:47.032] [Server thread/WARN] [net.minecraft.server.level.ServerLevel/]: Tried to add entity minecraft:creeper but it was marked as removed already
[01Feb2025 00:27:57.678] [Server thread/WARN] [ModernFix/]: The namespace betterstrongholds contains an outdated structure file, which can cause worldgen lag. Please view debug.log for the full filename, determine which mod provides the structure, and report to the mod/datapack author, including the debug log.
[01Feb2025 00:28:00.540] [Server thread/WARN] [net.minecraft.server.MinecraftServer/]: Can't keep up! Is the server overloaded? Running 2862ms or 57 ticks behind
[01Feb2025 00:28:00.567] [Server thread/WARN] [net.minecraft.server.network.ServerGamePacketListenerImpl/]: DylanDirnt moved too quickly! 9.86004391778215,1.7531999805212024,2.423512511685658
[01Feb2025 00:28:00.899] [Server thread/WARN] [ModernFix/]: The namespace nova_structures contains an outdated structure file, which can cause worldgen lag. Please view debug.log for the full filename, determine which mod provides the structure, and report to the mod/datapack author, including the debug log.
[01Feb2025 00:28:05.209] [Server thread/WARN] [net.minecraft.server.network.ServerGamePacketListenerImpl/]: DylanDirnt moved too quickly! 9.262566199264256,-0.6536319929294621,3.9895445623587875
[01Feb2025 00:28:05.285] [Server thread/WARN] [net.minecraft.server.level.ServerLevel/]: Tried to add entity minecraft:creeper but it was marked as removed already
[01Feb2025 00:28:05.286] [Server thread/WARN] [net.minecraft.server.level.ServerLevel/]: Tried to add entity minecraft:creeper but it was marked as removed already
[01Feb2025 00:28:10.674] [Worker-Main-7/WARN] [ModernFix/]: The namespace takesapillage contains an outdated structure file, which can cause worldgen lag. Please view debug.log for the full filename, determine which mod provides the structure, and report to the mod/datapack author, including the debug log.
[01Feb2025 00:28:11.049] [Worker-Main-7/WARN] [net.minecraft.world.level.levelgen.structure.pools.JigsawPlacement/]: Empty or non-existent pool: minecraft:minecraft_empty
[01Feb2025 00:28:11.090] [Worker-Main-7/WARN] [net.minecraft.world.level.levelgen.structure.pools.JigsawPlacement/]: Empty or non-existent pool: minecraft:minecraft_empty
[01Feb2025 00:28:11.090] [Worker-Main-7/WARN] [net.minecraft.world.level.levelgen.structure.pools.JigsawPlacement/]: Empty or non-existent pool: minecraft:minecraft_empty
[01Feb2025 00:28:11.091] [Worker-Main-7/WARN] [net.minecraft.world.level.levelgen.structure.pools.JigsawPlacement/]: Empty or non-existent pool: minecraft:minecraft_empty
[01Feb2025 00:31:08.882] [Server thread/WARN] [net.minecraft.server.level.ServerLevel/]: Tried to add entity minecraft:creeper but it was marked as removed already
[01Feb2025 00:31:41.983] [Server thread/WARN] [net.minecraft.server.level.ServerLevel/]: Tried to add entity minecraft:creeper but it was marked as removed already
[01Feb2025 00:31:50.583] [Server thread/WARN] [net.minecraft.server.level.ServerLevel/]: Tried to add entity minecraft:creeper but it was marked as removed already
[01Feb2025 00:31:50.583] [Server thread/WARN] [net.minecraft.server.level.ServerLevel/]: Tried to add entity minecraft:creeper but it was marked as removed already
[01Feb2025 00:31:51.235] [Server thread/WARN] [net.minecraft.server.level.ServerLevel/]: Tried to add entity minecraft:creeper but it was marked as removed already
[01Feb2025 00:31:51.333] [Server thread/WARN] [net.minecraft.server.level.ServerLevel/]: Tried to add entity minecraft:creeper but it was marked as removed already
[01Feb2025 00:32:03.282] [Server thread/WARN] [net.minecraft.server.level.ServerLevel/]: Tried to add entity minecraft:creeper but it was marked as removed already
[01Feb2025 00:32:03.282] [Server thread/WARN] [net.minecraft.server.level.ServerLevel/]: Tried to add entity minecraft:creeper but it was marked as removed already
[01Feb2025 00:32:12.983] [Server thread/WARN] [net.minecraft.server.level.ServerLevel/]: Tried to add entity minecraft:creeper but it was marked as removed already
